1.0416001
0.9920001
0.9425
0.89320004
0.8442001
0.79560006
0.74750006
0.70000005
7.4927945
7.241595
6.9904947
6.739595
6.488994
6.2387953
5.989096
5.739996
20.497574
19.839975
19.182476
18.525179
17.86818
17.21158
16.555481
15.8999815
40.055946
38.78715
37.51845
36.24995
34.98176
33.713955
32.446655
31.179962
66.16791
64.08311
61.998417
59.913918
57.829716
55.745922
53.66263
51.579933
98.83345
95.72786
92.62236
89.51707
86.41208
83.30747
80.20338
77.099884
138.05261
133.72137
129.39032
125.05942
120.72881
116.398636
112.068954
107.73984
183.82532
178.06377
172.30225
166.54097
160.77997
155.01935
149.25926
143.49979
236.15161
228.75485
221.35815
213.96165
206.56546
199.16968
191.77438
184.37971
295.0316
285.79477
276.55804
267.32156
258.0854
248.84961
239.61433
230.37965
360.46503
349.1834
337.90195
326.62067
315.3397
304.05914
292.77902
281.49954
432.4521
418.92087
405.3899
391.85895
378.32837
364.79822
351.26855
337.7395
510.993
495.0074
479.02194
463.0366
447.0516
431.06708
415.083
399.09946
596.0891
577.4442
558.7995
540.15497
521.5108
502.86688
484.22357
465.58084
687.7393
666.2304
644.7217
623.213
601.7048
580.1968
558.68945
537.1827
785.9435
761.36566
736.7881
712.21063
687.6333
663.0565
638.4803
613.90454
890.7016
862.85004
834.9986
807.1475
779.29663
751.4462
723.59625
695.7468
1002.01355
970.68353
939.3536
908.0241
876.6946
845.3655
814.0371
782.70917
1119.8794
1084.8661
1049.8529
1014.83984
979.8273
944.81506
909.80316
874.79205
1244.299
1205.3975
1166.4965
1127.5955
1088.6946
1049.7942
1010.89417
971.9948
1375.2725
1332.2784
1289.2844
1246.2902
1203.2965
1160.3031
1117.3103
1074.3181
1512.8
1465.5083
1418.2163
1370.9243
1323.633
1276.3419
1229.0515
1181.7614
1656.8816
1605.0868
1553.2926
1501.4983
1449.7042
1397.9106
1346.1176
1294.3252
1807.5171
1751.0154
1694.5135
1638.0117
1581.5104
1525.0093
1468.5085
1412.009
1964.7063
1903.2926
1841.8784
1780.4641
1719.0509
1657.6378
1596.225
1534.813
2128.449
2061.9182
1995.3872
1928.8564
1862.3259
1795.796
1729.266
1662.7372
2298.7463
2226.8933
2155.041
2083.1882
2011.3356
1939.484
1867.6323
1795.7817
2475.5974
2398.2178
2320.8389
2243.4592
2166.0803
2088.702
2011.324
1933.9465
2659.0022
2575.8914
2492.7805
2409.67
2326.5596
2243.4495
2160.3403
2077.2317
2848.9607
2759.9136
2670.8667
2581.82
2492.7737
2403.7273
2314.6816
2225.6367
3045.4734
2950.2854
2855.098
2759.9094
2664.722
2569.5352
2474.348
2379.1624
3248.5396
3147.0063
3045.4724
2943.9387
2842.4058
2740.872
2639.3403
2537.808
3458.161
3350.0762
3241.9912
3133.9072
3025.8232
2917.7395
2809.6565
2701.5742
3674.3342
3559.4946
3444.6548
3329.8154
3214.9753
3100.1367
2985.2983
2870.4604
3897.0635
3775.2625
3653.4626
3531.6626
3409.8633
3288.0635
3166.2654
3044.4663
4126.345
3997.3796
3868.4148
3739.45
3610.4849
3481.5203
3352.5564
3223.5935
4362.1816
4225.846
4089.5107
3953.1763
3816.8413
3680.5068
3544.1733
3407.841
4604.5713
4460.6616
4316.7515
4172.8413
4028.9329
3885.0237
3741.1157
3597.2075
4853.515
4701.8257
4550.1367
4398.4463
4246.7583
4095.0708
3943.382
3791.6948
5109.013
4949.339
4789.666
4629.9927
4470.319
4310.6465
4150.9736
3991.3027
5371.064
5203.202
5035.34
4867.476
4699.6143
4531.753
4363.891
4196.0303
5639.6704
5463.4136
5287.1562
5110.9004
4934.6445
4758.388
4582.133
4405.879
5914.8286
5729.9746
5545.1187
5360.2637
5175.4097
4990.554
4805.701
4620.846
6196.543
6002.884
5809.2246
5615.5654
5421.908
5228.249
5034.593
4840.935
6484.809
6282.143
6079.475
5876.808
5674.1416
5471.4746
5268.809
5066.144
6779.6304
6567.751
6355.87
6143.9897
5932.1104
5720.23
5508.3516
5296.473
7081.006
6859.7075
6638.41
6417.112
6195.812
5974.5156
5753.218
5531.9233
7388.9346
7158.0137
6927.092
6696.1714
6465.251
6234.33
6003.411
5772.4917
7703.4175
7462.67
7221.9214
6981.172
6740.4224
6499.676
6258.9272
6018.1807
8024.454
7773.6733
7522.8926
7272.1104
7021.3306
6770.551
6519.7705
6268.9907
8352.045
8091.0273
7830.008
7568.99
7307.972
7046.9536
6785.9375
6524.9224
8686.189
8414.73
8143.268
7871.809
7600.349
7328.8896
7057.43
6785.9717
9026.889
8744.78
8462.674
8180.5674
7898.46
7616.3535
7334.249
7052.144
9374.141
9081.182
8788.223
8495.265
8202.306
7909.3486
7616.391
7323.4336
9727.946
9423.931
9119.917
8815.902
8511.885
8207.872
7903.8564
7599.845
10088.307
9773.029
9457.754
9142.478
8827.2
8511.925
8196.65
7881.376
10455.224
10128.478
9801.736
9474.993
9148.251
8821.508
8494.769
8168.028
10828.688
10490.275
10151.862
9813.45
9475.036
9136.623
8798.211
8459.799
11208.712
10858.422
10508.131
10157.843
9807.556
9457.268
9106.9795
8756.69
11595.286
11232.915
10870.548
10508.178
10145.81
9783.441
9421.071
9058.702
11988.418
11613.761
11239.107
10864.451
10489.797
10115.144
9740.49
9365.837
12388.099
12000.954
11613.811
11226.664
10839.52
10452.378
10065.232
9678.089
12794.337
12394.497
11994.657
11594.817
11194.979
10795.138
10395.3
9995.463
13207.128
12794.387
12381.65
11968.909
11556.171
11143.432
10730.692
10317.955
13626.473
13200.631
12774.784
12348.942
11923.098
11497.254
11071.41
10645.569
14052.375
13613.219
13174.065
12734.914
12295.757
11856.606
11417.455
10978.303
14484.825
14032.158
13579.489
13126.824
12674.155
12221.489
11768.82
11316.157
14923.833
14457.447
13991.059
13524.674
13058.286
12591.899
12125.516
11659.132
15369.395
14889.083
14408.773
13928.461
13448.153
12967.843
12487.533
12007.223
15821.51
15327.068
14832.632
14338.191
13843.754
13349.314
12854.878
12360.44
16280.178
15771.405
15262.634
14753.857
14245.087
13736.317
13227.546
12718.773
16745.398
16222.09
15698.778
15175.469
14652.159
14128.849
13605.538
13082.2295
17217.176
16679.123
16141.069
15603.016
15064.962
14526.907
13988.857
13450.806
17695.508
17142.506
16589.502
16036.502
15483.501
14930.501
14377.501
13824.502
18180.393
17612.238
17044.082
16475.928
15907.772
15339.621
14771.47
14203.316
18671.828
18088.318
17504.805
16921.295
16337.782
15754.271
15170.763
14587.254
19169.824
18570.746
17971.676
17372.6
16773.525
16174.455
15575.381
14976.309
19674.365
19059.527
18444.684
17829.846
17215.004
16600.164
15985.324
15370.483
20185.467
19554.652
18923.842
18293.03
17662.217
17031.404
16400.594
15769.781
20703.121
20056.129
19409.143
18762.15
18115.162
17468.176
16821.184
16174.199
21227.33
20563.955
19900.59
19237.213
18573.844
17910.477
17247.105
16583.736
21758.086
21078.129
20398.176
19718.219
19038.26
18358.305
17678.35
16998.395
22295.404
21598.656
20901.906
20205.16
19508.412
18811.664
18114.918
17418.172
22839.277
22125.527
21411.79
20698.041
19984.297
19270.557
18556.812
17843.07
23389.697
22658.75
21927.807
21196.86
20465.916
19734.973
19004.031
18273.088
23946.672
23198.328
22449.973
21701.625
20953.271
20204.924
19456.576
18708.225
24510.203
23744.246
22978.28
22212.324
21446.361
20680.402
19914.443
19148.484
25080.293
24296.518
23512.74
22728.963
21945.19
21161.412
20377.637
19593.861
25656.93
24855.13
24053.34
23251.54
22449.748
21647.951
20846.154
20044.365
26240.125
25420.105
24600.084
23780.062
22960.041
22140.02
21320.0
20499.98
26829.873
25991.418
25152.969
24314.518
23476.066
22637.62
21799.172
20960.72
27426.17
26569.082
25712.002
24854.912
23997.834
23140.75
22283.664
21426.582
28029.023
27153.102
26277.176
25401.252
24525.334
23649.406
22773.48
21897.56
28638.43
27743.465
26848.494
25953.527
25058.562
24163.59
23268.627
22373.66
29254.39
28340.18
27425.959
26511.748
25597.527
24683.309
23769.096
22854.883
29876.91
28943.238
28009.566
27075.898
26142.227
25208.56
24274.893
23341.225
30505.98
29552.648
28599.322
27645.992
26692.664
25739.34
24786.01
23832.682
31141.605
30168.414
29195.22
28222.03
27248.84
26275.648
25302.453
24329.264
31783.78
30790.521
29797.258
28804.004
27810.738
26817.484
25824.225
24830.969
32432.518
31418.979
30405.451
29391.916
28378.38
27364.85
26351.316
25337.79
