0.0017186431
0.0017732019
0.0018277606
0.0018823212
0.0019368818
0.0019914415
0.0020459983
0.0021005617
0.0021551196
0.002209681
0.002264239
0.0023188014
0.0023733638
0.0024279216
0.002482484
0.00253704
0.002591597
0.0026461603
0.0027007237
0.0027552815
0.0028098421
0.0028644046
0.0029189596
0.002973522
0.0030280799
0.0030826433
0.0031372048
0.0031917617
0.0032463223
0.0033008773
0.0033554398
0.0034100004
0.003464561
0.003519116
0.003573684
0.003628239
0.003682796
0.0037373602
0.003791917
0.0038464759
0.0039010402
0.003955595
0.0040101614
0.004064722
0.004119275
0.0041738376
0.0042284
0.004282955
0.004337523
0.0043920744
0.0044466313
0.0045011956
0.004555762
0.0046103243
0.004664885
0.0047194436
0.004774006
0.004828563
0.0048831254
0.0049376823
0.0049922336
0.005046798
0.005101364
0.005155923
0.005210478
0.005265042
0.005319603
0.005374167
0.0054287203
0.005483279
0.0055378415
0.0055923965
0.0056469683
0.005701527
0.0057560764
0.005810639
0.0058651976
0.00591976
0.0059743244
0.006028885
0.0060834456
0.0061380174
0.0061925612
0.006247118
0.006301686
0.0063562393
0.0064108074
0.0064653642
0.006519921
0.006574489
0.00662905
0.006683599
0.00673816
0.0067927316
0.0068472885
0.006901853
0.006956402
0.007010959
0.007065531
0.007120073
