0.020625254
0.021280024
0.021934798
0.022589562
0.023244333
0.023899108
0.024553876
0.025208645
0.025863418
0.026518187
0.027172957
0.027827727
0.028482491
0.029137269
0.029792033
0.030446803
0.03110157
0.03175635
0.032411117
0.033065885
0.033720657
0.034375425
0.035030197
0.035684966
0.036339734
0.03699451
0.03764928
0.03830405
0.038958814
0.039613582
0.040268354
0.040923126
0.041577894
0.042232662
0.04288743
0.0435422
0.044196967
0.044851746
0.04550652
0.046161287
0.046816055
0.047470827
0.0481256
0.048780374
0.049435135
0.050089907
0.05074467
0.05139944
0.052054226
0.052708987
0.053363755
0.05401853
0.05467329
0.055328064
0.055982832
0.056637593
0.057292372
0.057947144
0.058601916
0.05925669
0.059911456
0.06056622
0.061221
0.06187576
0.06253055
0.06318532
0.06384008
0.064494856
0.06514961
0.065804385
0.06645916
0.06711392
0.06776869
0.06842348
0.06907823
0.06973302
0.070387796
0.07104255
0.07169732
0.07235209
0.07300685
0.07366163
0.074316405
0.07497117
0.07562594
0.07628069
0.07693547
0.07759025
0.07824502
0.07889979
0.07955459
0.08020933
0.08086411
0.08151887
0.082173645
0.08282842
0.08348318
0.08413795
0.08479272
0.085447505
