278073.94
278074.75
278075.38
278075.94
278076.4
278076.8
278077.16
278077.47
278077.75
278078.0
278078.28
278078.5
278078.7
278078.88
278079.03
278079.16
278079.28
278079.38
278079.56
278079.62
278079.8
278079.88
278079.94
278080.06
278080.12
278080.2
278080.22
278080.3
278080.38
278080.4
278080.5
278080.53
278080.6
278080.62
278080.7
278080.72
278080.75
278080.78
278080.88
278080.9
278080.94
278080.97
278081.0
278081.0
278081.03
278081.1
278081.1
278081.2
278081.25
278081.25
278081.25
278081.28
278081.3
278081.3
278081.38
278081.38
278081.38
278081.4
278081.44
278081.47
278081.5
278081.5
278081.53
278081.53
278081.53
278081.56
278081.6
278081.56
278081.62
278081.66
278081.66
278081.66
278081.66
278081.7
278081.7
278081.72
278081.72
278081.72
278081.72
278081.72
278081.75
278081.75
278081.75
278081.75
278081.75
278081.75
278081.75
278081.75
278081.75
278081.75
278081.75
278081.8
278081.8
278081.78
278081.78
278081.78
278081.78
278081.78
278081.84
278081.84
