0.008593198
0.0094116
0.010230001
0.011048399
0.011866799
0.0126852
0.0135036
0.014322001
0.015140401
0.0159588
0.016777199
0.017595602
0.018414002
0.019232405
0.020050798
0.0208692
0.021687599
0.022506
0.023324398
0.024142798
0.024961205
0.025779601
0.026597999
0.027416399
0.0282348
0.029053206
0.0298716
0.030689994
0.031508397
0.032326803
0.033145193
0.033963602
0.034782004
0.0356004
0.036418796
0.037237193
0.0380556
0.038873997
0.039692402
0.040510807
0.041329205
0.04214761
0.042966004
0.043784395
0.0446028
0.0454212
0.0462396
0.047058012
0.047876406
0.048694793
0.049513202
0.050331596
0.051149994
0.051968407
0.052786805
0.053605195
0.0544236
0.055242013
0.056060396
0.05687881
0.05769721
0.058515597
0.05933401
0.060152404
0.0609708
0.0617892
0.06260761
0.063425995
0.06424441
0.065062806
0.065881215
0.0666996
0.067517996
0.06833639
0.0691548
0.069973186
0.07079162
0.07161
0.072428405
0.07324679
0.07406522
0.074883595
0.075702004
0.076520406
0.0773388
0.078157194
0.0789756
0.079794
0.080612406
0.08143081
0.082249194
0.083067626
0.083886005
0.084704384
0.085522786
0.08634122
0.087159604
0.08797802
0.088796385
0.08961481
